info it worked if it ends with ok
verbose cli [ 'node', '/usr/bin/npm', 'install', 'jasmine-node' ]
info using npm@1.0.6
info using node@v0.4.8
verbose config file /Users/rahul/.npmrc
verbose config file /usr/etc/npmrc
silly testEngine { name: 'connect',
silly testEngine   version: '1.8.5',
silly testEngine   description: 'High performance middleware framework',
silly testEngine   keywords: [ 'framework', 'web', 'middleware', 'connect', 'rack' ],
silly testEngine   repository: 
silly testEngine    { type: 'git',
silly testEngine      url: 'git://github.com/senchalabs/connect.git' },
silly testEngine   author: 
silly testEngine    { name: 'TJ Holowaychuk',
silly testEngine      email: 'tj@vision-media.ca',
silly testEngine      url: 'http://tjholowaychuk.com' },
silly testEngine   dependencies: 
silly testEngine    { qs: '>= 0.4.0',
silly testEngine      mime: '>= 0.0.1',
silly testEngine      formidable: '1.0.x' },
silly testEngine   devDependencies: 
silly testEngine    { expresso: '0.9.2',
silly testEngine      koala: '0.1.2',
silly testEngine      less: '1.1.1',
silly testEngine      sass: '0.5.0',
silly testEngine      markdown: '0.2.1',
silly testEngine      ejs: '0.4.3',
silly testEngine      should: '0.3.2' },
silly testEngine   main: 'index',
silly testEngine   engines: { node: '>= 0.4.1 < 0.7.0' },
silly testEngine   _id: 'connect@1.8.5',
silly testEngine   _engineSupported: true,
silly testEngine   _npmVersion: '1.0.6',
silly testEngine   _nodeVersion: 'v0.4.8',
silly testEngine   _defaultsLoaded: true }
verbose caching /Users/rahul/node_modules/connect/package.json
verbose loadDefaults connect@1.8.5
silly testEngine { name: 'connect-redis',
silly testEngine   description: 'Redis session store for Connect',
silly testEngine   version: '1.2.0',
silly testEngine   author: 
silly testEngine    { name: 'TJ Holowaychuk',
silly testEngine      email: 'tj@vision-media.ca' },
silly testEngine   main: './index.js',
silly testEngine   dependencies: { redis: '>= 0.0.1' },
silly testEngine   devDependencies: { connect: '1.4.x' },
silly testEngine   engines: { node: '>= 0.1.98' },
silly testEngine   _id: 'connect-redis@1.2.0',
silly testEngine   _engineSupported: true,
silly testEngine   _npmVersion: '1.0.6',
silly testEngine   _nodeVersion: 'v0.4.8',
silly testEngine   _defaultsLoaded: true }
verbose caching /Users/rahul/node_modules/connect-redis/package.json
verbose loadDefaults connect-redis@1.2.0
silly testEngine { author: 
silly testEngine    { name: 'Robert Kieffer',
silly testEngine      email: 'robert@broofa.com',
silly testEngine      url: 'http://github.com/broofa' },
silly testEngine   contributors: 
silly testEngine    [ { name: 'Benjamin Thomas',
silly testEngine        email: 'benjamin@benjaminthomas.org',
silly testEngine        url: 'http://github.com/bentomas' } ],
silly testEngine   dependencies: {},
silly testEngine   description: 'A comprehensive library for mime-type mapping',
silly testEngine   devDependencies: { async_testing: '' },
silly testEngine   keywords: [ 'util', 'mime' ],
silly testEngine   main: 'mime.js',
silly testEngine   name: 'mime',
silly testEngine   repository: 
silly testEngine    { url: 'git://github.com/bentomas/node-mime.git',
silly testEngine      type: 'git' },
silly testEngine   version: '1.2.4',
silly testEngine   _id: 'mime@1.2.4',
silly testEngine   engines: { node: '*' },
silly testEngine   _engineSupported: true,
silly testEngine   _npmVersion: '1.0.6',
silly testEngine   _nodeVersion: 'v0.4.8',
silly testEngine   _defaultsLoaded: true }
verbose caching /Users/rahul/node_modules/mime/package.json
verbose loadDefaults mime@1.2.4
silly testEngine { name: 'mock-request',
silly testEngine   description: 'A simple testing tool for mocking HTTP sequences of request / response pairs in node.js',
silly testEngine   version: '0.1.2',
silly testEngine   author: 
silly testEngine    { name: 'Nodejitsu Inc.',
silly testEngine      email: 'info@nodejitsu.com' },
silly testEngine   contributors: 
silly testEngine    [ { name: 'Charlie Robbins',
silly testEngine        email: 'charlie@nodejitsu.com' },
silly testEngine      { name: 'Dominic Tarr',
silly testEngine        email: 'dominic.tarr@gmail.com' } ],
silly testEngine   repository: 
silly testEngine    { type: 'git',
silly testEngine      url: 'git://github.com/nodejitsu/mock-request.git' },
silly testEngine   devDependencies: { 'it-is': '0.x.x', vows: '0.5.x' },
silly testEngine   keywords: [ 'mock', 'mocking', 'tools', 'testing' ],
silly testEngine   main: './lib/index.js',
silly testEngine   scripts: { test: 'vows test/*-test.js --spec' },
silly testEngine   engines: { node: '>= 0.4.0' },
silly testEngine   dependencies: {},
silly testEngine   _id: 'mock-request@0.1.2',
silly testEngine   _engineSupported: true,
silly testEngine   _npmVersion: '1.0.6',
silly testEngine   _nodeVersion: 'v0.4.8',
silly testEngine   _defaultsLoaded: true }
verbose caching /Users/rahul/node_modules/mock-request/package.json
verbose loadDefaults mock-request@0.1.2
silly testEngine { name: 'mustache',
silly testEngine   author: { name: 'Jan Lehnardt', email: 'jan@apache.org' },
silly testEngine   description: 'Logic-less {{mustache}} templates with JavaScript',
silly testEngine   keywords: [ 'template', 'templates', 'mustache' ],
silly testEngine   version: '0.4.0',
silly testEngine   main: './mustache',
silly testEngine   dependencies: {},
silly testEngine   devDependencies: {},
silly testEngine   _id: 'mustache@0.4.0',
silly testEngine   engines: { node: '*' },
silly testEngine   _engineSupported: true,
silly testEngine   _npmVersion: '1.0.6',
silly testEngine   _nodeVersion: 'v0.4.8',
silly testEngine   _defaultsLoaded: true }
verbose caching /Users/rahul/node_modules/mustache/package.json
verbose loadDefaults mustache@0.4.0
silly testEngine { name: 'nodeunit',
silly testEngine   description: 'Easy unit testing for node.js and the browser.',
silly testEngine   maintainers: 
silly testEngine    [ { name: 'Caolan McMahon',
silly testEngine        url: 'https://github.com/caolan' } ],
silly testEngine   contributors: 
silly testEngine    [ { name: 'Romain Beauxis',
silly testEngine        url: 'https://github.com/toots' },
silly testEngine      { name: 'Alex Gorbatchev',
silly testEngine        url: 'https://github.com/alexgorbatchev' },
silly testEngine      { name: 'Alex Wolfe',
silly testEngine        url: 'https://github.com/alexkwolfe' },
silly testEngine      { name: 'Carl Fürstenberg',
silly testEngine        url: 'https://github.com/azatoth' },
silly testEngine      { name: 'Gerad Suyderhoud',
silly testEngine        url: 'https://github.com/gerad' },
silly testEngine      { name: 'Kadir Pekel',
silly testEngine        url: 'https://github.com/coffeemate' },
silly testEngine      { name: 'Oleg Efimov',
silly testEngine        url: 'https://github.com/Sannis' },
silly testEngine      { name: 'Orlando Vazquez',
silly testEngine        url: 'https://github.com/orlandov' },
silly testEngine      { name: 'Ryan Dahl', url: 'https://github.com/ry' },
silly testEngine      { name: 'Sam Stephenson',
silly testEngine        url: 'https://github.com/sstephenson' },
silly testEngine      { name: 'Thomas Mayfield',
silly testEngine        url: 'https://github.com/thegreatape' },
silly testEngine      { name: 'Elijah Insua',
silly testEngine        email: 'tmpvar@gmail.com',
silly testEngine        url: 'http://tmpvar.com' } ],
silly testEngine   version: '0.7.4',
silly testEngine   repository: 
silly testEngine    { type: 'git',
silly testEngine      url: 'git://github.com/caolan/nodeunit.git' },
silly testEngine   devDependencies: { 'uglify-js': '>=1.1.0', should: '>=0.4.2' },
silly testEngine   bugs: { url: 'http://github.com/caolan/nodeunit/issues' },
silly testEngine   licenses: 
silly testEngine    [ { type: 'MIT',
silly testEngine        url: 'http://github.com/caolan/nodeunit/raw/master/LICENSE' } ],
silly testEngine   directories: { lib: './lib', doc: './doc', man: './man1' },
silly testEngine   bin: { nodeunit: './bin/nodeunit' },
silly testEngine   dependencies: { tap: '>=0.2.3' },
silly testEngine   _id: 'nodeunit@0.7.4',
silly testEngine   engines: { node: '*' },
silly testEngine   _engineSupported: true,
silly testEngine   _npmVersion: '1.0.6',
silly testEngine   _nodeVersion: 'v0.4.8',
silly testEngine   _defaultsLoaded: true,
silly testEngine   man: [ 'man1/nodeunit.1' ] }
verbose caching /Users/rahul/node_modules/nodeunit/package.json
verbose loadDefaults nodeunit@0.7.4
silly testEngine { name: 'qs',
silly testEngine   description: 'querystring parser',
silly testEngine   version: '0.4.1',
silly testEngine   repository: 
silly testEngine    { type: 'git',
silly testEngine      url: 'git://github.com/visionmedia/node-querystring.git' },
silly testEngine   devDependencies: { mocha: '*', should: '*' },
silly testEngine   author: 
silly testEngine    { name: 'TJ Holowaychuk',
silly testEngine      email: 'tj@vision-media.ca',
silly testEngine      url: 'http://tjholowaychuk.com' },
silly testEngine   main: 'index',
silly testEngine   engines: { node: '*' },
silly testEngine   dependencies: {},
silly testEngine   _id: 'qs@0.4.1',
silly testEngine   _engineSupported: true,
silly testEngine   _npmVersion: '1.0.6',
silly testEngine   _nodeVersion: 'v0.4.8',
silly testEngine   _defaultsLoaded: true }
verbose caching /Users/rahul/node_modules/qs/package.json
verbose loadDefaults qs@0.4.1
silly testEngine { name: 'redis',
silly testEngine   version: '0.7.1',
silly testEngine   description: 'Redis client library',
silly testEngine   author: { name: 'Matt Ranney', email: 'mjr@ranney.com' },
silly testEngine   contributors: 
silly testEngine    [ { name: 'Rick Olson' },
silly testEngine      { name: 'Tim-Smart' },
silly testEngine      { name: 'TJ Holowaychuk' },
silly testEngine      { name: 'Orion Henry' },
silly testEngine      { name: 'Hank Sims' },
silly testEngine      { name: 'Aivo Paas' },
silly testEngine      { name: 'Paul Carey' },
silly testEngine      { name: 'Pieter Noordhuis' },
silly testEngine      { name: 'Andy Ray' },
silly testEngine      { name: 'Vladimir Dronnikov' },
silly testEngine      { name: 'Dave Hoover' } ],
silly testEngine   main: './index.js',
silly testEngine   scripts: { test: 'node ./test.js' },
silly testEngine   devDependencies: { metrics: '>=0.1.5' },
silly testEngine   repository: 
silly testEngine    { type: 'git',
silly testEngine      url: 'git://github.com/mranney/node_redis.git' },
silly testEngine   dependencies: {},
silly testEngine   _id: 'redis@0.7.1',
silly testEngine   engines: { node: '*' },
silly testEngine   _engineSupported: true,
silly testEngine   _npmVersion: '1.0.6',
silly testEngine   _nodeVersion: 'v0.4.8',
silly testEngine   _defaultsLoaded: true }
verbose caching /Users/rahul/node_modules/redis/package.json
verbose loadDefaults redis@0.7.1
silly testEngine { name: 'request',
silly testEngine   description: 'Simplified HTTP request client.',
silly testEngine   tags: [ 'http', 'simple', 'util', 'utility' ],
silly testEngine   version: '2.9.100',
silly testEngine   author: 
silly testEngine    { name: 'Mikeal Rogers',
silly testEngine      email: 'mikeal.rogers@gmail.com' },
silly testEngine   repository: 
silly testEngine    { type: 'git',
silly testEngine      url: 'git://github.com/mikeal/request.git' },
silly testEngine   bugs: { url: 'http://github.com/mikeal/request/issues' },
silly testEngine   engines: [ 'node >= 0.3.6', node: ' >= 0.3.6' ],
silly testEngine   main: './main',
silly testEngine   scripts: { test: 'bash tests/run.sh' },
silly testEngine   dependencies: {},
silly testEngine   devDependencies: {},
silly testEngine   _id: 'request@2.9.100',
silly testEngine   _engineSupported: true,
silly testEngine   _npmVersion: '1.0.6',
silly testEngine   _nodeVersion: 'v0.4.8',
silly testEngine   _defaultsLoaded: true }
verbose caching /Users/rahul/node_modules/request/package.json
verbose loadDefaults request@2.9.100
silly testEngine { name: 'should',
silly testEngine   description: 'test framework agnostic BDD-style assertions',
silly testEngine   version: '0.5.1',
silly testEngine   author: 
silly testEngine    { name: 'TJ Holowaychuk',
silly testEngine      email: 'tj@vision-media.ca' },
silly testEngine   contributors: 
silly testEngine    [ { name: 'Aseem Kishore',
silly testEngine        email: 'aseem.kishore@gmail.com' } ],
silly testEngine   devDependencies: { mocha: '*', should: '*' },
silly testEngine   keywords: [ 'test', 'bdd', 'assert' ],
silly testEngine   main: './lib/should.js',
silly testEngine   engines: { node: '>= 0.2.0' },
silly testEngine   dependencies: {},
silly testEngine   _id: 'should@0.5.1',
silly testEngine   _engineSupported: true,
silly testEngine   _npmVersion: '1.0.6',
silly testEngine   _nodeVersion: 'v0.4.8',
silly testEngine   _defaultsLoaded: true }
verbose caching /Users/rahul/node_modules/should/package.json
verbose loadDefaults should@0.5.1
silly testEngine { name: 'step',
silly testEngine   version: '0.0.5',
silly testEngine   description: 'A simple control-flow library for node.JS that makes parallel execution, serial execution, and error handling painless.',
silly testEngine   engine: [ 'node >=0.2.0' ],
silly testEngine   author: { name: 'Tim Caswell', email: 'tim@creationix.com' },
silly testEngine   repository: 
silly testEngine    { type: 'git',
silly testEngine      url: 'git://github.com/creationix/step.git' },
silly testEngine   main: 'lib/step',
silly testEngine   dependencies: {},
silly testEngine   devDependencies: {},
silly testEngine   _id: 'step@0.0.5',
silly testEngine   engines: { node: '*' },
silly testEngine   _engineSupported: true,
silly testEngine   _npmVersion: '1.0.6',
silly testEngine   _nodeVersion: 'v0.4.8',
silly testEngine   _defaultsLoaded: true }
verbose caching /Users/rahul/node_modules/step/package.json
verbose loadDefaults step@0.0.5
silly testEngine { name: 'underscore',
silly testEngine   description: 'JavaScript\'s functional programming helper library.',
silly testEngine   homepage: 'http://documentcloud.github.com/underscore/',
silly testEngine   keywords: [ 'util', 'functional', 'server', 'client', 'browser' ],
silly testEngine   author: 
silly testEngine    { name: 'Jeremy Ashkenas',
silly testEngine      email: 'jeremy@documentcloud.org' },
silly testEngine   repository: 
silly testEngine    { type: 'git',
silly testEngine      url: 'git://github.com/documentcloud/underscore.git' },
silly testEngine   main: 'underscore.js',
silly testEngine   version: '1.3.1',
silly testEngine   dependencies: {},
silly testEngine   devDependencies: {},
silly testEngine   _id: 'underscore@1.3.1',
silly testEngine   engines: { node: '*' },
silly testEngine   _engineSupported: true,
silly testEngine   _npmVersion: '1.0.6',
silly testEngine   _nodeVersion: 'v0.4.8',
silly testEngine   _defaultsLoaded: true }
verbose caching /Users/rahul/node_modules/underscore/package.json
verbose loadDefaults underscore@1.3.1
silly testEngine { name: 'vows',
silly testEngine   description: 'Asynchronous BDD & continuous integration for node.js',
silly testEngine   url: 'http://vowsjs.org',
silly testEngine   keywords: [ 'testing', 'spec', 'test', 'BDD' ],
silly testEngine   author: 
silly testEngine    { name: 'Alexis Sellier',
silly testEngine      email: 'self@cloudhead.net' },
silly testEngine   contributors: 
silly testEngine    [ { name: 'Charlie Robbins',
silly testEngine        email: 'charlie.robbins@gmail.com' } ],
silly testEngine   dependencies: { eyes: '>=0.1.6' },
silly testEngine   main: './lib/vows',
silly testEngine   bin: { vows: './bin/vows' },
silly testEngine   directories: { test: './test', bin: './bin' },
silly testEngine   version: '0.6.1',
silly testEngine   scripts: { test: './bin/vows --spec' },
silly testEngine   engines: { node: '>=0.2.6' },
silly testEngine   devDependencies: {},
silly testEngine   _id: 'vows@0.6.1',
silly testEngine   _engineSupported: true,
silly testEngine   _npmVersion: '1.0.6',
silly testEngine   _nodeVersion: 'v0.4.8',
silly testEngine   _defaultsLoaded: true }
verbose caching /Users/rahul/node_modules/vows/package.json
verbose loadDefaults vows@0.6.1
verbose into /Users/rahul [ 'jasmine-node' ]
verbose cache add [ 'jasmine-node', null ]
info addNamed [ 'jasmine-node', '' ]
verbose addNamed [ null, '' ]
verbose GET jasmine-node
verbose raw, before any munging jasmine-node
verbose url resolving [ 'http://registry.npmjs.org/', './jasmine-node' ]
verbose url resolved http://registry.npmjs.org/jasmine-node
verbose url parsed { protocol: 'http:',
verbose url parsed   slashes: true,
verbose url parsed   host: 'registry.npmjs.org',
verbose url parsed   hostname: 'registry.npmjs.org',
verbose url parsed   href: 'http://registry.npmjs.org/jasmine-node',
verbose url parsed   pathname: '/jasmine-node' }
verbose etag "1Z5FAWXMYOAQJ72TD1LYO1TX1"
verbose response http://registry.npmjs.org/jasmine-node
silly get cb [ 304,
silly get cb   { server: 'CouchDB/1.2.0 (Erlang OTP/R15B)',
silly get cb     etag: '"1Z5FAWXMYOAQJ72TD1LYO1TX1"',
silly get cb     date: 'Fri, 06 Apr 2012 19:37:19 GMT',
silly get cb     'content-length': '0' } ]
verbose etag jasmine-node from cache
verbose GET jasmine-node/1.0.23
verbose raw, before any munging jasmine-node/1.0.23
verbose url resolving [ 'http://registry.npmjs.org/',
verbose url resolving   './jasmine-node/1.0.23' ]
verbose url resolved http://registry.npmjs.org/jasmine-node/1.0.23
verbose url parsed { protocol: 'http:',
verbose url parsed   slashes: true,
verbose url parsed   host: 'registry.npmjs.org',
verbose url parsed   hostname: 'registry.npmjs.org',
verbose url parsed   href: 'http://registry.npmjs.org/jasmine-node/1.0.23',
verbose url parsed   pathname: '/jasmine-node/1.0.23' }
verbose etag "1Z5FAWXMYOAQJ72TD1LYO1TX1"
verbose response http://registry.npmjs.org/jasmine-node/1.0.23
silly get cb [ 304,
silly get cb   { server: 'CouchDB/1.2.0 (Erlang OTP/R15B)',
silly get cb     etag: '"1Z5FAWXMYOAQJ72TD1LYO1TX1"',
silly get cb     date: 'Fri, 06 Apr 2012 19:37:19 GMT',
silly get cb     'content-length': '0' } ]
verbose etag jasmine-node/1.0.23 from cache
verbose bin dist [ '0.4-ares1.7.4-ev4.4-openssl0.9.8l-v83.1.8.16-darwin-11.2.0',
verbose bin dist   { shasum: '7bed18bfc33c04a1e7b5e87651e7725fb5fbe765',
verbose bin dist     tarball: 'http://registry.npmjs.org/jasmine-node/-/jasmine-node-1.0.23.tgz' } ]
silly resolved [ { name: 'jasmine-node',
silly resolved     version: '1.0.23',
silly resolved     description: 'DOM-less simple JavaScript BDD testing framework for Node',
silly resolved     homepage: 
silly resolved      [ 'http://pivotal.github.com/jasmine',
silly resolved        'https://github.com/mhevery/jasmine-node' ],
silly resolved     repository: 
silly resolved      { type: 'git',
silly resolved        url: 'git://github.com/mhevery/jasmine-node.git' },
silly resolved     keywords: [ 'testing', 'bdd' ],
silly resolved     author: { name: 'Misko Hevery', email: 'misko@hevery.com' },
silly resolved     contributors: 
silly resolved      [ { name: 'Mike Swift',
silly resolved          email: 'theycallmeswift@gmail.com',
silly resolved          url: 'http://theycallmeswift.com' } ],
silly resolved     maintainers: [ { name: 'mhevery', email: 'misko@hevery.com' } ],
silly resolved     licenses: [ 'MIT' ],
silly resolved     dependencies: 
silly resolved      { 'coffee-script': '>=1.0.1',
silly resolved        'jasmine-reporters': '>=0.2.0',
silly resolved        requirejs: '>=0.27.1',
silly resolved        walkdir: '>= 0.0.1',
silly resolved        underscore: '>= 1.3.1' },
silly resolved     bin: { 'jasmine-node': 'bin/jasmine-node' },
silly resolved     main: 'lib/jasmine-node',
silly resolved     _npmUser: { name: 'mhevery', email: 'misko@hevery.com' },
silly resolved     _id: 'jasmine-node@1.0.23',
silly resolved     devDependencies: {},
silly resolved     optionalDependencies: {},
silly resolved     engines: { node: '*' },
silly resolved     _engineSupported: true,
silly resolved     _npmVersion: '1.1.12',
silly resolved     _nodeVersion: 'v0.6.14',
silly resolved     _defaultsLoaded: true,
silly resolved     dist: 
silly resolved      { shasum: '7bed18bfc33c04a1e7b5e87651e7725fb5fbe765',
silly resolved        tarball: 'http://registry.npmjs.org/jasmine-node/-/jasmine-node-1.0.23.tgz' },
silly resolved     readme: 'jasmine-node\n======\n\nThis node.js module makes the wonderful Pivotal Lab\'s jasmine\n(http://github.com/pivotal/jasmine) spec framework available in\nnode.js.\n\ninstall\n------\n    npm install jasmine-node -g\n\nusage\n------\n\nWrite the specifications for your code in *.js and *.coffee files in the \nspec/ directory (note: your specification files must end with either \n.spec.js or .spec.coffee; otherwise jasmine-node won\'t find them!). You \ncan use sub-directories to better organise your specs.\n\nIf you have installed the npm package, you can run it with:\n\n    jasmine-node\n\nIf you aren\'t using npm, you should add `pwd`/lib to the $NODE_PATH\nenvironment variable, then run:\n\n    node lib/jasmine-node/cli.js\n\n\nYou can supply the following arguments:\n\n  * <code>--autotest</code>, provides automatic execution of specs after\n    each changes\n  * <code>--coffee</code>, allow execution of .coffee specs\n  * <code>--color</code>, indicates spec output should uses color to\nindicates passing (green) or failing (red) specs\n  * <code>--noColor</code>, do not use color in the output\n  * <code>--verbose</code>, verbose output as the specs are run\n  * <code>--junitreport</code>, export tests results as junitreport xml format\'\n\nCheckout spec/SampleSpecs.js to see how to use it.\n\nasync tests\n-----------\n\njasmine-node includes an alternate syntax for writing asynchronous tests. Accepting\na done callback in the specification will trigger jasmine-node to run the test \nasynchronously waiting until the done() callback is called.\n\n```javascript\n    it("should respond with hello world", function(done) {\n      request("http://localhost:3000/hello", function(error, response, body){\n        expect(body).toEqual("hello world");\n        done();\n      });\n    });\n```\n\nAn asynchronous test will fail after 5000 ms if done() is not called. This timeout \ncan be changed by setting jasmine.DEFAULT_TIMEOUT_INTERVAL or by passing a timeout \ninterval in the specification.\n\n    it("should respond with hello world", function(done) {\n      request("http://localhost:3000/hello", function(error, response, body){\n        done();\n      }, 250);  // timeout after 250 ms\n    });\n\ndevelopment\n-----------\nInstall the dependent packages by running:\n\n    npm install\n\nRun the specs before you send your pull request:\n\n    scripts/specs\n\nor\n\n    scripts/specs --verbose\n',
silly resolved     directories: {},
silly resolved     scripts: {} } ]
info into /Users/rahul jasmine-node@1.0.23
info installOne jasmine-node@1.0.23
info unbuild /Users/rahul/node_modules/jasmine-node
silly testEngine { name: 'jasmine-node',
silly testEngine   version: '1.0.23',
silly testEngine   description: 'DOM-less simple JavaScript BDD testing framework for Node',
silly testEngine   homepage: 
silly testEngine    [ 'http://pivotal.github.com/jasmine',
silly testEngine      'https://github.com/mhevery/jasmine-node' ],
silly testEngine   repository: 
silly testEngine    { type: 'git',
silly testEngine      url: 'git://github.com/mhevery/jasmine-node.git' },
silly testEngine   keywords: [ 'testing', 'bdd' ],
silly testEngine   author: { name: 'Misko Hevery', email: 'misko@hevery.com' },
silly testEngine   contributors: 
silly testEngine    [ { name: 'Mike Swift',
silly testEngine        email: 'theycallmeswift@gmail.com',
silly testEngine        url: 'http://theycallmeswift.com' } ],
silly testEngine   maintainers: 'Martin Häger <martin.haeger@gmail.com>',
silly testEngine   licenses: [ 'MIT' ],
silly testEngine   dependencies: 
silly testEngine    { 'coffee-script': '>=1.0.1',
silly testEngine      'jasmine-reporters': '>=0.2.0',
silly testEngine      requirejs: '>=0.27.1',
silly testEngine      walkdir: '>= 0.0.1',
silly testEngine      underscore: '>= 1.3.1' },
silly testEngine   bin: { 'jasmine-node': 'bin/jasmine-node' },
silly testEngine   main: 'lib/jasmine-node',
silly testEngine   devDependencies: {},
silly testEngine   _id: 'jasmine-node@1.0.23',
silly testEngine   engines: { node: '*' },
silly testEngine   _engineSupported: true,
silly testEngine   _npmVersion: '1.0.6',
silly testEngine   _nodeVersion: 'v0.4.8',
silly testEngine   _defaultsLoaded: true,
silly testEngine   dist: { shasum: '707d1c1449c307da4c9d13a975de05ab0ae8a524' } }
verbose caching /Users/rahul/.npm/jasmine-node/1.0.23/package.json
verbose mkdir done: /Users/rahul/node_modules/___jasmine-node.npm 755
verbose unpack_ uid, gid [ undefined, undefined ]
verbose unpackTarget /Users/rahul/node_modules/jasmine-node
silly gunzTarPerm modes [ '755', '644' ]
verbose success gzip "--decompress" "--stdout" "/Users/rahul/.npm/jasmine-node/1.0.23/package.tgz"
verbose success tar "-mvxpf" "-" "--no-same-owner" "-C" "/Users/rahul/node_modules/___jasmine-node.npm"
silly asyncMap in gTP /Users/rahul/node_modules/___jasmine-node.npm/package/
silly asyncMap in gTP /Users/rahul/node_modules/___jasmine-node.npm/package/.npmignore
silly asyncMap in gTP /Users/rahul/node_modules/___jasmine-node.npm/package/LICENSE
silly asyncMap in gTP /Users/rahul/node_modules/___jasmine-node.npm/package/package.json
silly asyncMap in gTP /Users/rahul/node_modules/___jasmine-node.npm/package/README.md
silly asyncMap in gTP /Users/rahul/node_modules/___jasmine-node.npm/package/specs.sh
silly asyncMap in gTP /Users/rahul/node_modules/___jasmine-node.npm/package/bin/
silly asyncMap in gTP /Users/rahul/node_modules/___jasmine-node.npm/package/bin/jasmine-node
silly asyncMap in gTP /Users/rahul/node_modules/___jasmine-node.npm/package/scripts/
silly asyncMap in gTP /Users/rahul/node_modules/___jasmine-node.npm/package/scripts/specs
silly asyncMap in gTP /Users/rahul/node_modules/___jasmine-node.npm/package/lib/
silly asyncMap in gTP /Users/rahul/node_modules/___jasmine-node.npm/package/lib/jasmine-node/
silly asyncMap in gTP /Users/rahul/node_modules/___jasmine-node.npm/package/lib/jasmine-node/async-callback.js
silly asyncMap in gTP /Users/rahul/node_modules/___jasmine-node.npm/package/lib/jasmine-node/autotest.js
silly asyncMap in gTP /Users/rahul/node_modules/___jasmine-node.npm/package/lib/jasmine-node/cli.js
silly asyncMap in gTP /Users/rahul/node_modules/___jasmine-node.npm/package/lib/jasmine-node/index.js
silly asyncMap in gTP /Users/rahul/node_modules/___jasmine-node.npm/package/lib/jasmine-node/jasmine-2.0.0.rc1.js
silly asyncMap in gTP /Users/rahul/node_modules/___jasmine-node.npm/package/lib/jasmine-node/reporter.js
silly asyncMap in gTP /Users/rahul/node_modules/___jasmine-node.npm/package/lib/jasmine-node/requirejs-runner.js
silly asyncMap in gTP /Users/rahul/node_modules/___jasmine-node.npm/package/lib/jasmine-node/requirejs-spec-loader.js
silly asyncMap in gTP /Users/rahul/node_modules/___jasmine-node.npm/package/lib/jasmine-node/requirejs-wrapper-template.js
silly asyncMap in gTP /Users/rahul/node_modules/___jasmine-node.npm/package/lib/jasmine-node/spec-collection.js
silly asyncMap in gTP /Users/rahul/node_modules/___jasmine-node.npm/package/spec/
silly asyncMap in gTP /Users/rahul/node_modules/___jasmine-node.npm/package/spec/async-callback_spec.js
silly asyncMap in gTP /Users/rahul/node_modules/___jasmine-node.npm/package/spec/AsyncSpec.coffee
silly asyncMap in gTP /Users/rahul/node_modules/___jasmine-node.npm/package/spec/CoffeeSpec.coffee
silly asyncMap in gTP /Users/rahul/node_modules/___jasmine-node.npm/package/spec/GrammarHelper.coffee
silly asyncMap in gTP /Users/rahul/node_modules/___jasmine-node.npm/package/spec/helper_spec.js
silly asyncMap in gTP /Users/rahul/node_modules/___jasmine-node.npm/package/spec/HelperSpec.coffee
silly asyncMap in gTP /Users/rahul/node_modules/___jasmine-node.npm/package/spec/reporter_spec.js
silly asyncMap in gTP /Users/rahul/node_modules/___jasmine-node.npm/package/spec/sample_helper.js
silly asyncMap in gTP /Users/rahul/node_modules/___jasmine-node.npm/package/spec/SampleSpecs.js
silly asyncMap in gTP /Users/rahul/node_modules/___jasmine-node.npm/package/spec/TestSpec.js
silly asyncMap in gTP /Users/rahul/node_modules/___jasmine-node.npm/package/spec/nested.js/
silly asyncMap in gTP /Users/rahul/node_modules/___jasmine-node.npm/package/spec/nested.js/NestedSpec.js
silly asyncMap in gTP /Users/rahul/node_modules/___jasmine-node.npm/package/spec/nested/
silly asyncMap in gTP /Users/rahul/node_modules/___jasmine-node.npm/package/spec/nested/NestedSpec.js
silly asyncMap in gTP /Users/rahul/node_modules/___jasmine-node.npm/package/spec/nested/uber-nested/
silly asyncMap in gTP /Users/rahul/node_modules/___jasmine-node.npm/package/spec/nested/uber-nested/UberNestedSpec.js
verbose gunzed /Users/rahul/node_modules/___jasmine-node.npm/package
verbose rm'ed /Users/rahul/node_modules/jasmine-node
verbose renamed [ '/Users/rahul/node_modules/___jasmine-node.npm/package',
verbose renamed   '/Users/rahul/node_modules/jasmine-node' ]
silly testEngine { name: 'jasmine-node',
silly testEngine   version: '1.0.23',
silly testEngine   description: 'DOM-less simple JavaScript BDD testing framework for Node',
silly testEngine   homepage: 
silly testEngine    [ 'http://pivotal.github.com/jasmine',
silly testEngine      'https://github.com/mhevery/jasmine-node' ],
silly testEngine   repository: 
silly testEngine    { type: 'git',
silly testEngine      url: 'git://github.com/mhevery/jasmine-node.git' },
silly testEngine   keywords: [ 'testing', 'bdd' ],
silly testEngine   author: { name: 'Misko Hevery', email: 'misko@hevery.com' },
silly testEngine   contributors: 
silly testEngine    [ { name: 'Mike Swift',
silly testEngine        email: 'theycallmeswift@gmail.com',
silly testEngine        url: 'http://theycallmeswift.com' } ],
silly testEngine   maintainers: 'Martin Häger <martin.haeger@gmail.com>',
silly testEngine   licenses: [ 'MIT' ],
silly testEngine   dependencies: 
silly testEngine    { 'coffee-script': '>=1.0.1',
silly testEngine      'jasmine-reporters': '>=0.2.0',
silly testEngine      requirejs: '>=0.27.1',
silly testEngine      walkdir: '>= 0.0.1',
silly testEngine      underscore: '>= 1.3.1' },
silly testEngine   bin: { 'jasmine-node': 'bin/jasmine-node' },
silly testEngine   main: 'lib/jasmine-node',
silly testEngine   devDependencies: {},
silly testEngine   _id: 'jasmine-node@1.0.23',
silly testEngine   engines: { node: '*' },
silly testEngine   _engineSupported: true,
silly testEngine   _npmVersion: '1.0.6',
silly testEngine   _nodeVersion: 'v0.4.8',
silly testEngine   _defaultsLoaded: true,
silly testEngine   scripts: {} }
verbose caching /Users/rahul/node_modules/jasmine-node/package.json
verbose loadDefaults jasmine-node@1.0.23
info preinstall jasmine-node@1.0.23
verbose from cache /Users/rahul/node_modules/jasmine-node/package.json
verbose into /Users/rahul/node_modules/jasmine-node [ 'coffee-script@>=1.0.1',
verbose into /Users/rahul/node_modules/jasmine-node   'jasmine-reporters@>=0.2.0',
verbose into /Users/rahul/node_modules/jasmine-node   'requirejs@>=0.27.1',
verbose into /Users/rahul/node_modules/jasmine-node   'walkdir@>= 0.0.1' ]
verbose cache add [ 'coffee-script@>=1.0.1', null ]
info addNamed [ 'coffee-script', '>=1.0.1' ]
verbose addNamed [ null, '>=1.0.1' ]
verbose GET coffee-script
verbose raw, before any munging coffee-script
verbose url resolving [ 'http://registry.npmjs.org/', './coffee-script' ]
verbose url resolved http://registry.npmjs.org/coffee-script
verbose url parsed { protocol: 'http:',
verbose url parsed   slashes: true,
verbose url parsed   host: 'registry.npmjs.org',
verbose url parsed   hostname: 'registry.npmjs.org',
verbose url parsed   href: 'http://registry.npmjs.org/coffee-script',
verbose url parsed   pathname: '/coffee-script' }
verbose etag "A7QQQK4MFEO55G1LGQ5GY00ZA"
verbose cache add [ 'jasmine-reporters@>=0.2.0', null ]
info addNamed [ 'jasmine-reporters', '>=0.2.0' ]
verbose addNamed [ null, '>=0.2.0' ]
verbose cache add [ 'requirejs@>=0.27.1', null ]
info addNamed [ 'requirejs', '>=0.27.1' ]
verbose addNamed [ null, '>=0.27.1' ]
verbose GET jasmine-reporters
verbose raw, before any munging jasmine-reporters
verbose url resolving [ 'http://registry.npmjs.org/',
verbose url resolving   './jasmine-reporters' ]
verbose url resolved http://registry.npmjs.org/jasmine-reporters
verbose url parsed { protocol: 'http:',
verbose url parsed   slashes: true,
verbose url parsed   host: 'registry.npmjs.org',
verbose url parsed   hostname: 'registry.npmjs.org',
verbose url parsed   href: 'http://registry.npmjs.org/jasmine-reporters',
verbose url parsed   pathname: '/jasmine-reporters' }
verbose etag "9GWVSJ5XF2YE6BH7NHBMAOX4C"
verbose GET requirejs
verbose raw, before any munging requirejs
verbose url resolving [ 'http://registry.npmjs.org/', './requirejs' ]
verbose url resolved http://registry.npmjs.org/requirejs
verbose url parsed { protocol: 'http:',
verbose url parsed   slashes: true,
verbose url parsed   host: 'registry.npmjs.org',
verbose url parsed   hostname: 'registry.npmjs.org',
verbose url parsed   href: 'http://registry.npmjs.org/requirejs',
verbose url parsed   pathname: '/requirejs' }
verbose etag "6SND5C9MDTGFFXV33R2CFROYJ"
verbose cache add [ 'walkdir@>= 0.0.1', null ]
info addNamed [ 'walkdir', '>= 0.0.1' ]
verbose addNamed [ null, '>=0.0.1' ]
verbose GET walkdir
verbose raw, before any munging walkdir
verbose url resolving [ 'http://registry.npmjs.org/', './walkdir' ]
verbose url resolved http://registry.npmjs.org/walkdir
verbose url parsed { protocol: 'http:',
verbose url parsed   slashes: true,
verbose url parsed   host: 'registry.npmjs.org',
verbose url parsed   hostname: 'registry.npmjs.org',
verbose url parsed   href: 'http://registry.npmjs.org/walkdir',
verbose url parsed   pathname: '/walkdir' }
verbose etag "CWV03G396LBY8GL950NMCKLNZ"
verbose response http://registry.npmjs.org/coffee-script
silly get cb [ 304,
silly get cb   { server: 'CouchDB/1.2.0 (Erlang OTP/R15B)',
silly get cb     etag: '"A7QQQK4MFEO55G1LGQ5GY00ZA"',
silly get cb     date: 'Fri, 06 Apr 2012 19:37:19 GMT',
silly get cb     'content-length': '0' } ]
verbose etag coffee-script from cache
verbose response http://registry.npmjs.org/jasmine-reporters
silly get cb [ 304,
silly get cb   { server: 'CouchDB/1.2.0 (Erlang OTP/R15B)',
silly get cb     etag: '"9GWVSJ5XF2YE6BH7NHBMAOX4C"',
silly get cb     date: 'Fri, 06 Apr 2012 19:37:19 GMT',
silly get cb     'content-length': '0' } ]
verbose etag jasmine-reporters from cache
verbose GET coffee-script/1.2.0
verbose raw, before any munging coffee-script/1.2.0
verbose url resolving [ 'http://registry.npmjs.org/',
verbose url resolving   './coffee-script/1.2.0' ]
verbose url resolved http://registry.npmjs.org/coffee-script/1.2.0
verbose url parsed { protocol: 'http:',
verbose url parsed   slashes: true,
verbose url parsed   host: 'registry.npmjs.org',
verbose url parsed   hostname: 'registry.npmjs.org',
verbose url parsed   href: 'http://registry.npmjs.org/coffee-script/1.2.0',
verbose url parsed   pathname: '/coffee-script/1.2.0' }
verbose etag "A7QQQK4MFEO55G1LGQ5GY00ZA"
verbose GET jasmine-reporters/0.2.1
verbose raw, before any munging jasmine-reporters/0.2.1
verbose url resolving [ 'http://registry.npmjs.org/',
verbose url resolving   './jasmine-reporters/0.2.1' ]
verbose url resolved http://registry.npmjs.org/jasmine-reporters/0.2.1
verbose url parsed { protocol: 'http:',
verbose url parsed   slashes: true,
verbose url parsed   host: 'registry.npmjs.org',
verbose url parsed   hostname: 'registry.npmjs.org',
verbose url parsed   href: 'http://registry.npmjs.org/jasmine-reporters/0.2.1',
verbose url parsed   pathname: '/jasmine-reporters/0.2.1' }
verbose etag "9GWVSJ5XF2YE6BH7NHBMAOX4C"
verbose response http://registry.npmjs.org/requirejs
silly get cb [ 304,
silly get cb   { server: 'CouchDB/1.2.0 (Erlang OTP/R15B)',
silly get cb     etag: '"6SND5C9MDTGFFXV33R2CFROYJ"',
silly get cb     date: 'Fri, 06 Apr 2012 19:37:19 GMT',
silly get cb     'content-length': '0' } ]
verbose etag requirejs from cache
verbose response http://registry.npmjs.org/walkdir
silly get cb [ 304,
silly get cb   { server: 'CouchDB/1.2.0 (Erlang OTP/R15B)',
silly get cb     etag: '"CWV03G396LBY8GL950NMCKLNZ"',
silly get cb     date: 'Fri, 06 Apr 2012 19:37:19 GMT',
silly get cb     'content-length': '0' } ]
verbose etag walkdir from cache
verbose GET requirejs/1.0.7
verbose raw, before any munging requirejs/1.0.7
verbose url resolving [ 'http://registry.npmjs.org/', './requirejs/1.0.7' ]
verbose url resolved http://registry.npmjs.org/requirejs/1.0.7
verbose url parsed { protocol: 'http:',
verbose url parsed   slashes: true,
verbose url parsed   host: 'registry.npmjs.org',
verbose url parsed   hostname: 'registry.npmjs.org',
verbose url parsed   href: 'http://registry.npmjs.org/requirejs/1.0.7',
verbose url parsed   pathname: '/requirejs/1.0.7' }
verbose etag "6SND5C9MDTGFFXV33R2CFROYJ"
verbose GET walkdir/0.0.1
verbose raw, before any munging walkdir/0.0.1
verbose url resolving [ 'http://registry.npmjs.org/', './walkdir/0.0.1' ]
verbose url resolved http://registry.npmjs.org/walkdir/0.0.1
verbose url parsed { protocol: 'http:',
verbose url parsed   slashes: true,
verbose url parsed   host: 'registry.npmjs.org',
verbose url parsed   hostname: 'registry.npmjs.org',
verbose url parsed   href: 'http://registry.npmjs.org/walkdir/0.0.1',
verbose url parsed   pathname: '/walkdir/0.0.1' }
verbose etag "CWV03G396LBY8GL950NMCKLNZ"
verbose response http://registry.npmjs.org/coffee-script/1.2.0
silly get cb [ 304,
silly get cb   { server: 'CouchDB/1.2.0 (Erlang OTP/R15B)',
silly get cb     etag: '"A7QQQK4MFEO55G1LGQ5GY00ZA"',
silly get cb     date: 'Fri, 06 Apr 2012 19:37:19 GMT',
silly get cb     'content-length': '0' } ]
verbose etag coffee-script/1.2.0 from cache
verbose bin dist [ '0.4-ares1.7.4-ev4.4-openssl0.9.8l-v83.1.8.16-darwin-11.2.0',
verbose bin dist   { shasum: 'b5e61e55f1ca8c4a9eb87d53aa0657ea43125b91',
verbose bin dist     tarball: 'http://registry.npmjs.org/coffee-script/-/coffee-script-1.2.0.tgz' } ]
verbose response http://registry.npmjs.org/jasmine-reporters/0.2.1
silly get cb [ 304,
silly get cb   { server: 'CouchDB/1.2.0 (Erlang OTP/R15B)',
silly get cb     etag: '"9GWVSJ5XF2YE6BH7NHBMAOX4C"',
silly get cb     date: 'Fri, 06 Apr 2012 19:37:19 GMT',
silly get cb     'content-length': '0' } ]
verbose etag jasmine-reporters/0.2.1 from cache
verbose bin dist [ '0.4-ares1.7.4-ev4.4-openssl0.9.8l-v83.1.8.16-darwin-11.2.0',
verbose bin dist   { shasum: '395f6e5170692de1a966cd95a70d7a37bf3f2bc3',
verbose bin dist     tarball: 'http://registry.npmjs.org/jasmine-reporters/-/jasmine-reporters-0.2.1.tgz' } ]
verbose response http://registry.npmjs.org/requirejs/1.0.7
silly get cb [ 304,
silly get cb   { server: 'CouchDB/1.2.0 (Erlang OTP/R15B)',
silly get cb     etag: '"6SND5C9MDTGFFXV33R2CFROYJ"',
silly get cb     date: 'Fri, 06 Apr 2012 19:37:19 GMT',
silly get cb     'content-length': '0' } ]
verbose etag requirejs/1.0.7 from cache
verbose bin dist [ '0.4-ares1.7.4-ev4.4-openssl0.9.8l-v83.1.8.16-darwin-11.2.0',
verbose bin dist   { shasum: 'a8b0bb23cd3d8ee2a5f60ee89a0618dee7e1df4b',
verbose bin dist     tarball: 'http://registry.npmjs.org/requirejs/-/requirejs-1.0.7.tgz' } ]
verbose response http://registry.npmjs.org/walkdir/0.0.1
silly get cb [ 304,
silly get cb   { server: 'CouchDB/1.2.0 (Erlang OTP/R15B)',
silly get cb     etag: '"CWV03G396LBY8GL950NMCKLNZ"',
silly get cb     date: 'Fri, 06 Apr 2012 19:37:19 GMT',
silly get cb     'content-length': '0' } ]
verbose etag walkdir/0.0.1 from cache
verbose bin dist [ '0.4-ares1.7.4-ev4.4-openssl0.9.8l-v83.1.8.16-darwin-11.2.0',
verbose bin dist   { shasum: 'cf94c85e2788cb42b00679f38433a8225ec6feda',
verbose bin dist     tarball: 'http://registry.npmjs.org/walkdir/-/walkdir-0.0.1.tgz' } ]
silly resolved [ { name: 'coffee-script',
silly resolved     description: 'Unfancy JavaScript',
silly resolved     keywords: [ 'javascript', 'language', 'coffeescript', 'compiler' ],
silly resolved     author: { name: 'Jeremy Ashkenas' },
silly resolved     version: '1.2.0',
silly resolved     licenses: 
silly resolved      [ { type: 'MIT',
silly resolved          url: 'http://github.com/jashkenas/coffee-script/raw/master/LICENSE' } ],
silly resolved     engines: { node: '>=0.4.0' },
silly resolved     directories: { lib: './lib/coffee-script' },
silly resolved     main: './lib/coffee-script/coffee-script',
silly resolved     bin: { coffee: './bin/coffee', cake: './bin/cake' },
silly resolved     homepage: 'http://coffeescript.org',
silly resolved     repository: 
silly resolved      { type: 'git',
silly resolved        url: 'git://github.com/jashkenas/coffee-script.git' },
silly resolved     devDependencies: { 'uglify-js': '>=1.0.0', jison: '>=0.2.0' },
silly resolved     _npmUser: { name: 'jashkenas', email: 'jashkenas@gmail.com' },
silly resolved     _id: 'coffee-script@1.2.0',
silly resolved     dependencies: {},
silly resolved     _engineSupported: true,
silly resolved     _npmVersion: '1.0.104',
silly resolved     _nodeVersion: 'v0.6.6',
silly resolved     _defaultsLoaded: true,
silly resolved     dist: 
silly resolved      { shasum: 'b5e61e55f1ca8c4a9eb87d53aa0657ea43125b91',
silly resolved        tarball: 'http://registry.npmjs.org/coffee-script/-/coffee-script-1.2.0.tgz' },
silly resolved     maintainers: [ { name: 'jashkenas', email: 'jashkenas@gmail.com' } ] },
silly resolved   { author: { name: 'Larry Myers' },
silly resolved     name: 'jasmine-reporters',
silly resolved     description: 'Reporters for the Jasmine BDD Framework',
silly resolved     version: '0.2.1',
silly resolved     homepage: 'https://github.com/larrymyers/jasmine-reporters',
silly resolved     maintainers: [ { name: 'bloveridge', email: 'bloveridge@gmail.com' } ],
silly resolved     repository: 
silly resolved      { type: 'git',
silly resolved        url: 'git://github.com/larrymyers/jasmine-reporters.git' },
silly resolved     main: './src/load_reporters.js',
silly resolved     dependencies: {},
silly resolved     devDependencies: {},
silly resolved     _npmUser: { name: 'bloveridge', email: 'bloveridge@gmail.com' },
silly resolved     _id: 'jasmine-reporters@0.2.1',
silly resolved     optionalDependencies: {},
silly resolved     engines: { node: '*' },
silly resolved     _engineSupported: true,
silly resolved     _npmVersion: '1.1.0-3',
silly resolved     _nodeVersion: 'v0.6.9',
silly resolved     _defaultsLoaded: true,
silly resolved     dist: 
silly resolved      { shasum: '395f6e5170692de1a966cd95a70d7a37bf3f2bc3',
silly resolved        tarball: 'http://registry.npmjs.org/jasmine-reporters/-/jasmine-reporters-0.2.1.tgz' },
silly resolved     readme: '',
silly resolved     directories: {} },
silly resolved   { name: 'requirejs',
silly resolved     description: 'Node adapter for RequireJS, for loading AMD modules. Includes RequireJS optimizer',
silly resolved     version: '1.0.7',
silly resolved     homepage: 'http://github.com/jrburke/r.js',
silly resolved     author: 
silly resolved      { name: 'James Burke',
silly resolved        email: 'jrburke@gmail.com',
silly resolved        url: 'http://github.com/jrburke' },
silly resolved     licenses: 
silly resolved      [ { type: 'BSD',
silly resolved          url: 'https://github.com/jrburke/r.js/blob/master/LICENSE' },
silly resolved        { type: 'MIT',
silly resolved          url: 'https://github.com/jrburke/r.js/blob/master/LICENSE' } ],
silly resolved     main: './bin/r.js',
silly resolved     bin: { 'r.js': './bin/r.js' },
silly resolved     engines: { node: '>=0.4.0' },
silly resolved     _npmUser: { name: 'jrburke', email: 'jrburke@gmail.com' },
silly resolved     _id: 'requirejs@1.0.7',
silly resolved     dependencies: {},
silly resolved     devDependencies: {},
silly resolved     _engineSupported: true,
silly resolved     _npmVersion: '1.1.0-beta-10',
silly resolved     _nodeVersion: 'v0.6.7',
silly resolved     _defaultsLoaded: true,
silly resolved     dist: 
silly resolved      { shasum: 'a8b0bb23cd3d8ee2a5f60ee89a0618dee7e1df4b',
silly resolved        tarball: 'http://registry.npmjs.org/requirejs/-/requirejs-1.0.7.tgz' },
silly resolved     readme: '',
silly resolved     maintainers: [ { name: 'jrburke', email: 'jrburke@gmail.com' } ],
silly resolved     directories: {} },
silly resolved   { name: 'walkdir',
silly resolved     description: 'Find files simply. Walks a directory tree emitting events based on what it finds. Presents a familliar callback/emitter/a+sync interface. Walk a tree of any depth.',
silly resolved     version: '0.0.1',
silly resolved     author: { name: 'Ryan Day', email: 'soldair@gmail.com' },
silly resolved     keywords: [ 'find', 'walk', 'tree', 'files', 'fs' ],
silly resolved     main: './walkdir.js',
silly resolved     homepage: 'http://github.com/soldair/node-walkdir',
silly resolved     repository: 
silly resolved      { type: 'git',
silly resolved        url: 'git://github.com/soldair/node-walkdir.git' },
silly resolved     scripts: { test: './test.sh' },
silly resolved     devDependencies: { tap: '*', jshint: '0.5.x' },
silly resolved     engines: { node: '>=0.6.0' },
silly resolved     _npmUser: { name: 'soldair', email: 'soldair@gmail.com' },
silly resolved     _id: 'walkdir@0.0.1',
silly resolved     dependencies: {},
silly resolved     optionalDependencies: {},
silly resolved     _engineSupported: true,
silly resolved     _npmVersion: '1.1.12',
silly resolved     _nodeVersion: 'v0.6.14',
silly resolved     _defaultsLoaded: true,
silly resolved     dist: 
silly resolved      { shasum: 'cf94c85e2788cb42b00679f38433a8225ec6feda',
silly resolved        tarball: 'http://registry.npmjs.org/walkdir/-/walkdir-0.0.1.tgz' },
silly resolved     readme: '',
silly resolved     maintainers: [ { name: 'soldair', email: 'soldair@gmail.com' } ],
silly resolved     directories: {} } ]
info into /Users/rahul/node_modules/jasmine-node coffee-script@1.2.0
info into /Users/rahul/node_modules/jasmine-node jasmine-reporters@0.2.1
info into /Users/rahul/node_modules/jasmine-node requirejs@1.0.7
info into /Users/rahul/node_modules/jasmine-node walkdir@0.0.1
info installOne coffee-script@1.2.0
info installOne jasmine-reporters@0.2.1
info installOne requirejs@1.0.7
info installOne walkdir@0.0.1
verbose installOne cb walkdir@0.0.1
verbose about to build /Users/rahul/node_modules/jasmine-node
ERR! error installing jasmine-node@1.0.23 Error: Unsupported
ERR! error installing jasmine-node@1.0.23     at checkEngine (/usr/lib/node_modules/npm/lib/install.js:387:14)
ERR! error installing jasmine-node@1.0.23     at nextStep (/usr/lib/node_modules/npm/lib/utils/chain.js:54:8)
ERR! error installing jasmine-node@1.0.23     at chain (/usr/lib/node_modules/npm/lib/utils/chain.js:27:3)
ERR! error installing jasmine-node@1.0.23     at installOne (/usr/lib/node_modules/npm/lib/install.js:357:3)
ERR! error installing jasmine-node@1.0.23     at /usr/lib/node_modules/npm/lib/install.js:297:9
ERR! error installing jasmine-node@1.0.23     at /usr/lib/node_modules/npm/lib/utils/async-map.js:57:35
ERR! error installing jasmine-node@1.0.23     at Array.forEach (native)
ERR! error installing jasmine-node@1.0.23     at /usr/lib/node_modules/npm/lib/utils/async-map.js:57:11
ERR! error installing jasmine-node@1.0.23     at Array.forEach (native)
ERR! error installing jasmine-node@1.0.23     at asyncMap (/usr/lib/node_modules/npm/lib/utils/async-map.js:56:8)
info unbuild /Users/rahul/node_modules/jasmine-node
verbose from cache /Users/rahul/node_modules/jasmine-node/package.json
info preuninstall jasmine-node@1.0.23
info unbuild /Users/rahul/node_modules/jasmine-node/node_modules/coffee-script
info unbuild /Users/rahul/node_modules/jasmine-node/node_modules/jasmine-reporters
info unbuild /Users/rahul/node_modules/jasmine-node/node_modules/requirejs
info uninstall jasmine-node@1.0.23
verbose unbuild jasmine-node@1.0.23 [ false,
verbose unbuild jasmine-node@1.0.23   '/usr/lib/node_modules',
verbose unbuild jasmine-node@1.0.23   '/Users/rahul/node_modules' ]
verbose binRoot [ '/Users/rahul/node_modules/.bin',
verbose binRoot   { 'jasmine-node': 'bin/jasmine-node' } ]
info postuninstall jasmine-node@1.0.23
silly testEngine { name: 'coffee-script',
silly testEngine   description: 'Unfancy JavaScript',
silly testEngine   keywords: [ 'javascript', 'language', 'coffeescript', 'compiler' ],
silly testEngine   author: { name: 'Jeremy Ashkenas' },
silly testEngine   version: '1.2.0',
silly testEngine   licenses: 
silly testEngine    [ { type: 'MIT',
silly testEngine        url: 'http://github.com/jashkenas/coffee-script/raw/master/LICENSE' } ],
silly testEngine   engines: { node: '>=0.4.0' },
silly testEngine   directories: { lib: './lib/coffee-script' },
silly testEngine   main: './lib/coffee-script/coffee-script',
silly testEngine   bin: { coffee: './bin/coffee', cake: './bin/cake' },
silly testEngine   homepage: 'http://coffeescript.org',
silly testEngine   repository: 
silly testEngine    { type: 'git',
silly testEngine      url: 'git://github.com/jashkenas/coffee-script.git' },
silly testEngine   devDependencies: { 'uglify-js': '>=1.0.0', jison: '>=0.2.0' },
silly testEngine   dependencies: {},
silly testEngine   _id: 'coffee-script@1.2.0',
silly testEngine   _engineSupported: true,
silly testEngine   _npmVersion: '1.0.6',
silly testEngine   _nodeVersion: 'v0.4.8',
silly testEngine   _defaultsLoaded: true,
silly testEngine   dist: { shasum: '6bac2d64fd96b9905a95e2e33b62f73fef0900c3' } }
verbose caching /Users/rahul/.npm/coffee-script/1.2.0/package.json
silly testEngine { author: { name: 'Larry Myers' },
silly testEngine   name: 'jasmine-reporters',
silly testEngine   description: 'Reporters for the Jasmine BDD Framework',
silly testEngine   version: '0.2.1',
silly testEngine   homepage: 'https://github.com/larrymyers/jasmine-reporters',
silly testEngine   maintainers: 'Ben Loveridge <bloveridge@movenetworks.com>',
silly testEngine   repository: 
silly testEngine    { type: 'git',
silly testEngine      url: 'git://github.com/larrymyers/jasmine-reporters.git' },
silly testEngine   main: './src/load_reporters.js',
silly testEngine   dependencies: {},
silly testEngine   devDependencies: {},
silly testEngine   _id: 'jasmine-reporters@0.2.1',
silly testEngine   engines: { node: '*' },
silly testEngine   _engineSupported: true,
silly testEngine   _npmVersion: '1.0.6',
silly testEngine   _nodeVersion: 'v0.4.8',
silly testEngine   _defaultsLoaded: true,
silly testEngine   dist: { shasum: '784f0fb146302537e55f8e6a3694ab0582d38ccb' } }
verbose caching /Users/rahul/.npm/jasmine-reporters/0.2.1/package.json
silly testEngine { name: 'requirejs',
silly testEngine   description: 'Node adapter for RequireJS, for loading AMD modules. Includes RequireJS optimizer',
silly testEngine   version: '1.0.7',
silly testEngine   homepage: 'http://github.com/jrburke/r.js',
silly testEngine   author: 
silly testEngine    { name: 'James Burke',
silly testEngine      email: 'jrburke@gmail.com',
silly testEngine      url: 'http://github.com/jrburke' },
silly testEngine   licenses: 
silly testEngine    [ { type: 'BSD',
silly testEngine        url: 'https://github.com/jrburke/r.js/blob/master/LICENSE' },
silly testEngine      { type: 'MIT',
silly testEngine        url: 'https://github.com/jrburke/r.js/blob/master/LICENSE' } ],
silly testEngine   main: './bin/r.js',
silly testEngine   bin: { 'r.js': './bin/r.js' },
silly testEngine   engines: { node: '>=0.4.0' },
silly testEngine   dependencies: {},
silly testEngine   devDependencies: {},
silly testEngine   _id: 'requirejs@1.0.7',
silly testEngine   _engineSupported: true,
silly testEngine   _npmVersion: '1.0.6',
silly testEngine   _nodeVersion: 'v0.4.8',
silly testEngine   _defaultsLoaded: true,
silly testEngine   dist: { shasum: 'cad77c1f05601ba71cd7e492e89922e83019e17d' } }
verbose caching /Users/rahul/.npm/requirejs/1.0.7/package.json
verbose mkdir done: /Users/rahul/node_modules/jasmine-node/node_modules/___coffee-script.npm 755
verbose unpack_ uid, gid [ undefined, undefined ]
verbose unpackTarget /Users/rahul/node_modules/jasmine-node/node_modules/coffee-script
silly gunzTarPerm modes [ '755', '644' ]
verbose mkdir done: /Users/rahul/node_modules/jasmine-node/node_modules/___jasmine-reporters.npm 755
verbose mkdir done: /Users/rahul/node_modules/jasmine-node/node_modules/___requirejs.npm 755
verbose unpack_ uid, gid [ undefined, undefined ]
verbose unpackTarget /Users/rahul/node_modules/jasmine-node/node_modules/jasmine-reporters
silly gunzTarPerm modes [ '755', '644' ]
verbose unpack_ uid, gid [ undefined, undefined ]
verbose unpackTarget /Users/rahul/node_modules/jasmine-node/node_modules/requirejs
silly gunzTarPerm modes [ '755', '644' ]
info rm fail /Users/rahul/node_modules/jasmine-node
info rm fail ENOTEMPTY, Directory not empty '/Users/rahul/node_modules/jasmine-node'
verbose installOne cb jasmine-node@1.0.23
ERR! Unsupported
ERR! Not compatible with your version of node/npm: walkdir@0.0.1
ERR! Required: {"node":">=0.6.0"}
ERR! Actual:   {"npm":"1.0.6","node":"v0.4.8"}
ERR! 
ERR! System Darwin 11.2.0
ERR! command "node" "/usr/bin/npm" "install" "jasmine-node"
verbose exit [ 1, true ]
